2025-10-22 18:47:11,687 - INFO - Configuration loaded successfully.
2025-10-22 18:47:51,070 - INFO - Configuration loaded successfully.
2025-10-22 18:47:51,395 - INFO - Bot and Dispatcher initialized successfully.
2025-10-22 18:47:51,397 - INFO - Bot is starting...
2025-10-22 18:47:51,398 - INFO - Bot is running in POLLING mode.
2025-10-22 18:47:51,398 - INFO - Starting bot in polling mode...
2025-10-22 18:47:54,418 - INFO - Start polling
2025-10-22 18:47:54,632 - INFO - Run polling for bot @Meteorpremium_bot id=8319234285 - 'Meteor'
2025-10-22 18:48:04,027 - INFO - Update id=147947889 is not handled. Duration 11 ms by bot id=8319234285
2025-10-22 18:48:04,028 - ERROR - Cause exception while process update id=147947889 by bot id=8319234285
OperationalError: (sqlite3.OperationalError) no such column: users.language
[SQL: SELECT users.id AS users_id, users.first_name AS users_first_name, users.last_name AS users_last_name, users.state AS users_state, users.language AS users_language, users.username AS users_username, users.created_at AS users_created_at 
FROM users 
WHERE users.id = ?
 LIMIT ? OFFSET ?]
[parameters: (6589960007, 1, 0)]
(Background on this error at: https://sqlalche.me/e/20/e3q8)
Traceback (most recent call last):
  File "/home/dev/Projects/meteor_bot/.venv/lib/python3.13/site-packages/sqlalchemy/engine/base.py", line 1961, in _exec_single_context
    self.dialect.do_execute(
    ~~~~~~~~~~~~~~~~~~~~~~~^
        cursor, str_statement, effective_parameters, context
        ^^^^^^^^^^^^^^^^^^^^^^^^^^^^^^^^^^^^^^^^^^^^^^^^^^^^
    )
    ^
  File "/home/dev/Projects/meteor_bot/.venv/lib/python3.13/site-packages/sqlalchemy/engine/default.py", line 944, in do_execute
    cursor.execute(statement, parameters)
    ~~~~~~~~~~~~~~^^^^^^^^^^^^^^^^^^^^^^^
sqlite3.OperationalError: no such column: users.language

The above exception was the direct cause of the following exception:

Traceback (most recent call last):
  File "/home/dev/Projects/meteor_bot/.venv/lib/python3.13/site-packages/aiogram/dispatcher/dispatcher.py", line 309, in _process_update
    response = await self.feed_update(bot, update, **kwargs)
               ^^^^^^^^^^^^^^^^^^^^^^^^^^^^^^^^^^^^^^^^^^^^^
  File "/home/dev/Projects/meteor_bot/.venv/lib/python3.13/site-packages/aiogram/dispatcher/dispatcher.py", line 158, in feed_update
    response = await self.update.wrap_outer_middleware(
               ^^^^^^^^^^^^^^^^^^^^^^^^^^^^^^^^^^^^^^^^
    ...<7 lines>...
    )
    ^
  File "/home/dev/Projects/meteor_bot/.venv/lib/python3.13/site-packages/aiogram/dispatcher/middlewares/error.py", line 25, in __call__
    return await handler(event, data)
           ^^^^^^^^^^^^^^^^^^^^^^^^^^
  File "/home/dev/Projects/meteor_bot/.venv/lib/python3.13/site-packages/aiogram/dispatcher/middlewares/user_context.py", line 56, in __call__
    return await handler(event, data)
           ^^^^^^^^^^^^^^^^^^^^^^^^^^
  File "/home/dev/Projects/meteor_bot/.venv/lib/python3.13/site-packages/aiogram/fsm/middleware.py", line 42, in __call__
    return await handler(event, data)
           ^^^^^^^^^^^^^^^^^^^^^^^^^^
  File "/home/dev/Projects/meteor_bot/.venv/lib/python3.13/site-packages/aiogram/dispatcher/event/telegram.py", line 121, in trigger
    return await wrapped_inner(event, kwargs)
           ^^^^^^^^^^^^^^^^^^^^^^^^^^^^^^^^^^
  File "/home/dev/Projects/meteor_bot/.venv/lib/python3.13/site-packages/aiogram/dispatcher/event/handler.py", line 43, in call
    return await wrapped()
           ^^^^^^^^^^^^^^^
  File "/home/dev/Projects/meteor_bot/.venv/lib/python3.13/site-packages/aiogram/dispatcher/dispatcher.py", line 276, in _listen_update
    return await self.propagate_event(update_type=update_type, event=event, **kwargs)
           ^^^^^^^^^^^^^^^^^^^^^^^^^^^^^^^^^^^^^^^^^^^^^^^^^^^^^^^^^^^^^^^^^^^^^^^^^^
  File "/home/dev/Projects/meteor_bot/.venv/lib/python3.13/site-packages/aiogram/dispatcher/router.py", line 146, in propagate_event
    return await observer.wrap_outer_middleware(_wrapped, event=event, data=kwargs)
           ^^^^^^^^^^^^^^^^^^^^^^^^^^^^^^^^^^^^^^^^^^^^^^^^^^^^^^^^^^^^^^^^^^^^^^^^
  File "/home/dev/Projects/meteor_bot/.venv/lib/python3.13/site-packages/aiogram/dispatcher/router.py", line 141, in _wrapped
    return await self._propagate_event(
           ^^^^^^^^^^^^^^^^^^^^^^^^^^^^
        observer=observer, update_type=update_type, event=telegram_event, **data
        ^^^^^^^^^^^^^^^^^^^^^^^^^^^^^^^^^^^^^^^^^^^^^^^^^^^^^^^^^^^^^^^^^^^^^^^^
    )
    ^
  File "/home/dev/Projects/meteor_bot/.venv/lib/python3.13/site-packages/aiogram/dispatcher/router.py", line 174, in _propagate_event
    response = await router.propagate_event(update_type=update_type, event=event, **kwargs)
               ^^^^^^^^^^^^^^^^^^^^^^^^^^^^^^^^^^^^^^^^^^^^^^^^^^^^^^^^^^^^^^^^^^^^^^^^^^^^
  File "/home/dev/Projects/meteor_bot/.venv/lib/python3.13/site-packages/aiogram/dispatcher/router.py", line 146, in propagate_event
    return await observer.wrap_outer_middleware(_wrapped, event=event, data=kwargs)
           ^^^^^^^^^^^^^^^^^^^^^^^^^^^^^^^^^^^^^^^^^^^^^^^^^^^^^^^^^^^^^^^^^^^^^^^^
  File "/home/dev/Projects/meteor_bot/.venv/lib/python3.13/site-packages/aiogram/dispatcher/router.py", line 141, in _wrapped
    return await self._propagate_event(
           ^^^^^^^^^^^^^^^^^^^^^^^^^^^^
        observer=observer, update_type=update_type, event=telegram_event, **data
        ^^^^^^^^^^^^^^^^^^^^^^^^^^^^^^^^^^^^^^^^^^^^^^^^^^^^^^^^^^^^^^^^^^^^^^^^
    )
    ^
  File "/home/dev/Projects/meteor_bot/.venv/lib/python3.13/site-packages/aiogram/dispatcher/router.py", line 166, in _propagate_event
    response = await observer.trigger(event, **kwargs)
               ^^^^^^^^^^^^^^^^^^^^^^^^^^^^^^^^^^^^^^^
  File "/home/dev/Projects/meteor_bot/.venv/lib/python3.13/site-packages/aiogram/dispatcher/event/telegram.py", line 121, in trigger
    return await wrapped_inner(event, kwargs)
           ^^^^^^^^^^^^^^^^^^^^^^^^^^^^^^^^^^
  File "/home/dev/Projects/meteor_bot/middlewares/middlewares.py", line 39, in __call__
    return await handler(event, data)
           ^^^^^^^^^^^^^^^^^^^^^^^^^^
  File "/home/dev/Projects/meteor_bot/middlewares/middlewares.py", line 15, in __call__
    language = get_user_language(user_id=user_id)
  File "/home/dev/Projects/meteor_bot/utils/utils.py", line 44, in get_user_language
    user = db.query(User).filter(User.id == user_id).first()
  File "/home/dev/Projects/meteor_bot/.venv/lib/python3.13/site-packages/sqlalchemy/orm/query.py", line 2759, in first
    return self.limit(1)._iter().first()  # type: ignore
           ~~~~~~~~~~~~~~~~~~~^^
  File "/home/dev/Projects/meteor_bot/.venv/lib/python3.13/site-packages/sqlalchemy/orm/query.py", line 2857, in _iter
    result: Union[ScalarResult[_T], Result[_T]] = self.session.execute(
                                                  ~~~~~~~~~~~~~~~~~~~~^
        statement,
        ^^^^^^^^^^
        params,
        ^^^^^^^
        execution_options={"_sa_orm_load_options": self.load_options},
        ^^^^^^^^^^^^^^^^^^^^^^^^^^^^^^^^^^^^^^^^^^^^^^^^^^^^^^^^^^^^^^
    )
    ^
  File "/home/dev/Projects/meteor_bot/.venv/lib/python3.13/site-packages/sqlalchemy/orm/session.py", line 2365, in execute
    return self._execute_internal(
           ~~~~~~~~~~~~~~~~~~~~~~^
        statement,
        ^^^^^^^^^^
    ...<4 lines>...
        _add_event=_add_event,
        ^^^^^^^^^^^^^^^^^^^^^^
    )
    ^
  File "/home/dev/Projects/meteor_bot/.venv/lib/python3.13/site-packages/sqlalchemy/orm/session.py", line 2251, in _execute_internal
    result: Result[Any] = compile_state_cls.orm_execute_statement(
                          ~~~~~~~~~~~~~~~~~~~~~~~~~~~~~~~~~~~~~~~^
        self,
        ^^^^^
    ...<4 lines>...
        conn,
        ^^^^^
    )
    ^
  File "/home/dev/Projects/meteor_bot/.venv/lib/python3.13/site-packages/sqlalchemy/orm/context.py", line 306, in orm_execute_statement
    result = conn.execute(
        statement, params or {}, execution_options=execution_options
    )
  File "/home/dev/Projects/meteor_bot/.venv/lib/python3.13/site-packages/sqlalchemy/engine/base.py", line 1413, in execute
    return meth(
        self,
        distilled_parameters,
        execution_options or NO_OPTIONS,
    )
  File "/home/dev/Projects/meteor_bot/.venv/lib/python3.13/site-packages/sqlalchemy/sql/elements.py", line 526, in _execute_on_connection
    return connection._execute_clauseelement(
           ~~~~~~~~~~~~~~~~~~~~~~~~~~~~~~~~~^
        self, distilled_params, execution_options
        ^^^^^^^^^^^^^^^^^^^^^^^^^^^^^^^^^^^^^^^^^
    )
    ^
  File "/home/dev/Projects/meteor_bot/.venv/lib/python3.13/site-packages/sqlalchemy/engine/base.py", line 1635, in _execute_clauseelement
    ret = self._execute_context(
        dialect,
    ...<8 lines>...
        cache_hit=cache_hit,
    )
  File "/home/dev/Projects/meteor_bot/.venv/lib/python3.13/site-packages/sqlalchemy/engine/base.py", line 1840, in _execute_context
    return self._exec_single_context(
           ~~~~~~~~~~~~~~~~~~~~~~~~~^
        dialect, context, statement, parameters
        ^^^^^^^^^^^^^^^^^^^^^^^^^^^^^^^^^^^^^^^
    )
    ^
  File "/home/dev/Projects/meteor_bot/.venv/lib/python3.13/site-packages/sqlalchemy/engine/base.py", line 1980, in _exec_single_context
    self._handle_dbapi_exception(
    ~~~~~~~~~~~~~~~~~~~~~~~~~~~~^
        e, str_statement, effective_parameters, cursor, context
        ^^^^^^^^^^^^^^^^^^^^^^^^^^^^^^^^^^^^^^^^^^^^^^^^^^^^^^^
    )
    ^
  File "/home/dev/Projects/meteor_bot/.venv/lib/python3.13/site-packages/sqlalchemy/engine/base.py", line 2349, in _handle_dbapi_exception
    raise sqlalchemy_exception.with_traceback(exc_info[2]) from e
  File "/home/dev/Projects/meteor_bot/.venv/lib/python3.13/site-packages/sqlalchemy/engine/base.py", line 1961, in _exec_single_context
    self.dialect.do_execute(
    ~~~~~~~~~~~~~~~~~~~~~~~^
        cursor, str_statement, effective_parameters, context
        ^^^^^^^^^^^^^^^^^^^^^^^^^^^^^^^^^^^^^^^^^^^^^^^^^^^^
    )
    ^
  File "/home/dev/Projects/meteor_bot/.venv/lib/python3.13/site-packages/sqlalchemy/engine/default.py", line 944, in do_execute
    cursor.execute(statement, parameters)
    ~~~~~~~~~~~~~~^^^^^^^^^^^^^^^^^^^^^^^
sqlalchemy.exc.OperationalError: (sqlite3.OperationalError) no such column: users.language
[SQL: SELECT users.id AS users_id, users.first_name AS users_first_name, users.last_name AS users_last_name, users.state AS users_state, users.language AS users_language, users.username AS users_username, users.created_at AS users_created_at 
FROM users 
WHERE users.id = ?
 LIMIT ? OFFSET ?]
[parameters: (6589960007, 1, 0)]
(Background on this error at: https://sqlalche.me/e/20/e3q8)
2025-10-22 18:48:08,727 - WARNING - Received SIGINT signal
2025-10-22 18:48:08,730 - INFO - Polling stopped for bot @Meteorpremium_bot id=8319234285 - 'Meteor'
2025-10-22 18:48:08,730 - INFO - Polling stopped
2025-10-22 18:48:08,898 - WARNING - Received SIGINT signal
2025-10-22 18:59:24,265 - INFO - Configuration loaded successfully.
2025-10-22 18:59:24,596 - INFO - Bot and Dispatcher initialized successfully.
2025-10-22 18:59:24,597 - INFO - Bot is starting...
2025-10-22 18:59:24,598 - INFO - Bot is running in POLLING mode.
2025-10-22 18:59:24,598 - INFO - Starting bot in polling mode...
2025-10-22 18:59:24,963 - INFO - Start polling
2025-10-22 18:59:25,079 - INFO - Run polling for bot @Meteorpremium_bot id=8319234285 - 'Meteor'
2025-10-22 18:59:27,525 - INFO - Update id=147947890 is not handled. Duration 14 ms by bot id=8319234285
2025-10-22 18:59:27,525 - ERROR - Cause exception while process update id=147947890 by bot id=8319234285
AttributeError: type object 'User' has no attribute 'user_id'
Traceback (most recent call last):
  File "/home/dev/Projects/meteor_bot/.venv/lib/python3.13/site-packages/aiogram/dispatcher/dispatcher.py", line 309, in _process_update
    response = await self.feed_update(bot, update, **kwargs)
               ^^^^^^^^^^^^^^^^^^^^^^^^^^^^^^^^^^^^^^^^^^^^^
  File "/home/dev/Projects/meteor_bot/.venv/lib/python3.13/site-packages/aiogram/dispatcher/dispatcher.py", line 158, in feed_update
    response = await self.update.wrap_outer_middleware(
               ^^^^^^^^^^^^^^^^^^^^^^^^^^^^^^^^^^^^^^^^
    ...<7 lines>...
    )
    ^
  File "/home/dev/Projects/meteor_bot/.venv/lib/python3.13/site-packages/aiogram/dispatcher/middlewares/error.py", line 25, in __call__
    return await handler(event, data)
           ^^^^^^^^^^^^^^^^^^^^^^^^^^
  File "/home/dev/Projects/meteor_bot/.venv/lib/python3.13/site-packages/aiogram/dispatcher/middlewares/user_context.py", line 56, in __call__
    return await handler(event, data)
           ^^^^^^^^^^^^^^^^^^^^^^^^^^
  File "/home/dev/Projects/meteor_bot/.venv/lib/python3.13/site-packages/aiogram/fsm/middleware.py", line 42, in __call__
    return await handler(event, data)
           ^^^^^^^^^^^^^^^^^^^^^^^^^^
  File "/home/dev/Projects/meteor_bot/.venv/lib/python3.13/site-packages/aiogram/dispatcher/event/telegram.py", line 121, in trigger
    return await wrapped_inner(event, kwargs)
           ^^^^^^^^^^^^^^^^^^^^^^^^^^^^^^^^^^
  File "/home/dev/Projects/meteor_bot/.venv/lib/python3.13/site-packages/aiogram/dispatcher/event/handler.py", line 43, in call
    return await wrapped()
           ^^^^^^^^^^^^^^^
  File "/home/dev/Projects/meteor_bot/.venv/lib/python3.13/site-packages/aiogram/dispatcher/dispatcher.py", line 276, in _listen_update
    return await self.propagate_event(update_type=update_type, event=event, **kwargs)
           ^^^^^^^^^^^^^^^^^^^^^^^^^^^^^^^^^^^^^^^^^^^^^^^^^^^^^^^^^^^^^^^^^^^^^^^^^^
  File "/home/dev/Projects/meteor_bot/.venv/lib/python3.13/site-packages/aiogram/dispatcher/router.py", line 146, in propagate_event
    return await observer.wrap_outer_middleware(_wrapped, event=event, data=kwargs)
           ^^^^^^^^^^^^^^^^^^^^^^^^^^^^^^^^^^^^^^^^^^^^^^^^^^^^^^^^^^^^^^^^^^^^^^^^
  File "/home/dev/Projects/meteor_bot/.venv/lib/python3.13/site-packages/aiogram/dispatcher/router.py", line 141, in _wrapped
    return await self._propagate_event(
           ^^^^^^^^^^^^^^^^^^^^^^^^^^^^
        observer=observer, update_type=update_type, event=telegram_event, **data
        ^^^^^^^^^^^^^^^^^^^^^^^^^^^^^^^^^^^^^^^^^^^^^^^^^^^^^^^^^^^^^^^^^^^^^^^^
    )
    ^
  File "/home/dev/Projects/meteor_bot/.venv/lib/python3.13/site-packages/aiogram/dispatcher/router.py", line 174, in _propagate_event
    response = await router.propagate_event(update_type=update_type, event=event, **kwargs)
               ^^^^^^^^^^^^^^^^^^^^^^^^^^^^^^^^^^^^^^^^^^^^^^^^^^^^^^^^^^^^^^^^^^^^^^^^^^^^
  File "/home/dev/Projects/meteor_bot/.venv/lib/python3.13/site-packages/aiogram/dispatcher/router.py", line 146, in propagate_event
    return await observer.wrap_outer_middleware(_wrapped, event=event, data=kwargs)
           ^^^^^^^^^^^^^^^^^^^^^^^^^^^^^^^^^^^^^^^^^^^^^^^^^^^^^^^^^^^^^^^^^^^^^^^^
  File "/home/dev/Projects/meteor_bot/.venv/lib/python3.13/site-packages/aiogram/dispatcher/router.py", line 141, in _wrapped
    return await self._propagate_event(
           ^^^^^^^^^^^^^^^^^^^^^^^^^^^^
        observer=observer, update_type=update_type, event=telegram_event, **data
        ^^^^^^^^^^^^^^^^^^^^^^^^^^^^^^^^^^^^^^^^^^^^^^^^^^^^^^^^^^^^^^^^^^^^^^^^
    )
    ^
  File "/home/dev/Projects/meteor_bot/.venv/lib/python3.13/site-packages/aiogram/dispatcher/router.py", line 166, in _propagate_event
    response = await observer.trigger(event, **kwargs)
               ^^^^^^^^^^^^^^^^^^^^^^^^^^^^^^^^^^^^^^^
  File "/home/dev/Projects/meteor_bot/.venv/lib/python3.13/site-packages/aiogram/dispatcher/event/telegram.py", line 121, in trigger
    return await wrapped_inner(event, kwargs)
           ^^^^^^^^^^^^^^^^^^^^^^^^^^^^^^^^^^
  File "/home/dev/Projects/meteor_bot/middlewares/middlewares.py", line 39, in __call__
    return await handler(event, data)
           ^^^^^^^^^^^^^^^^^^^^^^^^^^
  File "/home/dev/Projects/meteor_bot/middlewares/middlewares.py", line 18, in __call__
    add_user(user_id, first_name, last_name, username)
    ~~~~~~~~^^^^^^^^^^^^^^^^^^^^^^^^^^^^^^^^^^^^^^^^^^
  File "/home/dev/Projects/meteor_bot/utils/utils.py", line 16, in add_user
    existing_user = db.query(User).filter(User.user_id == user_id).first()
                                          ^^^^^^^^^^^^
AttributeError: type object 'User' has no attribute 'user_id'
2025-10-22 18:59:28,836 - INFO - Update id=147947891 is not handled. Duration 6 ms by bot id=8319234285
2025-10-22 18:59:28,836 - ERROR - Cause exception while process update id=147947891 by bot id=8319234285
AttributeError: type object 'User' has no attribute 'user_id'
Traceback (most recent call last):
  File "/home/dev/Projects/meteor_bot/.venv/lib/python3.13/site-packages/aiogram/dispatcher/dispatcher.py", line 309, in _process_update
    response = await self.feed_update(bot, update, **kwargs)
               ^^^^^^^^^^^^^^^^^^^^^^^^^^^^^^^^^^^^^^^^^^^^^
  File "/home/dev/Projects/meteor_bot/.venv/lib/python3.13/site-packages/aiogram/dispatcher/dispatcher.py", line 158, in feed_update
    response = await self.update.wrap_outer_middleware(
               ^^^^^^^^^^^^^^^^^^^^^^^^^^^^^^^^^^^^^^^^
    ...<7 lines>...
    )
    ^
  File "/home/dev/Projects/meteor_bot/.venv/lib/python3.13/site-packages/aiogram/dispatcher/middlewares/error.py", line 25, in __call__
    return await handler(event, data)
           ^^^^^^^^^^^^^^^^^^^^^^^^^^
  File "/home/dev/Projects/meteor_bot/.venv/lib/python3.13/site-packages/aiogram/dispatcher/middlewares/user_context.py", line 56, in __call__
    return await handler(event, data)
           ^^^^^^^^^^^^^^^^^^^^^^^^^^
  File "/home/dev/Projects/meteor_bot/.venv/lib/python3.13/site-packages/aiogram/fsm/middleware.py", line 42, in __call__
    return await handler(event, data)
           ^^^^^^^^^^^^^^^^^^^^^^^^^^
  File "/home/dev/Projects/meteor_bot/.venv/lib/python3.13/site-packages/aiogram/dispatcher/event/telegram.py", line 121, in trigger
    return await wrapped_inner(event, kwargs)
           ^^^^^^^^^^^^^^^^^^^^^^^^^^^^^^^^^^
  File "/home/dev/Projects/meteor_bot/.venv/lib/python3.13/site-packages/aiogram/dispatcher/event/handler.py", line 43, in call
    return await wrapped()
           ^^^^^^^^^^^^^^^
  File "/home/dev/Projects/meteor_bot/.venv/lib/python3.13/site-packages/aiogram/dispatcher/dispatcher.py", line 276, in _listen_update
    return await self.propagate_event(update_type=update_type, event=event, **kwargs)
           ^^^^^^^^^^^^^^^^^^^^^^^^^^^^^^^^^^^^^^^^^^^^^^^^^^^^^^^^^^^^^^^^^^^^^^^^^^
  File "/home/dev/Projects/meteor_bot/.venv/lib/python3.13/site-packages/aiogram/dispatcher/router.py", line 146, in propagate_event
    return await observer.wrap_outer_middleware(_wrapped, event=event, data=kwargs)
           ^^^^^^^^^^^^^^^^^^^^^^^^^^^^^^^^^^^^^^^^^^^^^^^^^^^^^^^^^^^^^^^^^^^^^^^^
  File "/home/dev/Projects/meteor_bot/.venv/lib/python3.13/site-packages/aiogram/dispatcher/router.py", line 141, in _wrapped
    return await self._propagate_event(
           ^^^^^^^^^^^^^^^^^^^^^^^^^^^^
        observer=observer, update_type=update_type, event=telegram_event, **data
        ^^^^^^^^^^^^^^^^^^^^^^^^^^^^^^^^^^^^^^^^^^^^^^^^^^^^^^^^^^^^^^^^^^^^^^^^
    )
    ^
  File "/home/dev/Projects/meteor_bot/.venv/lib/python3.13/site-packages/aiogram/dispatcher/router.py", line 174, in _propagate_event
    response = await router.propagate_event(update_type=update_type, event=event, **kwargs)
               ^^^^^^^^^^^^^^^^^^^^^^^^^^^^^^^^^^^^^^^^^^^^^^^^^^^^^^^^^^^^^^^^^^^^^^^^^^^^
  File "/home/dev/Projects/meteor_bot/.venv/lib/python3.13/site-packages/aiogram/dispatcher/router.py", line 146, in propagate_event
    return await observer.wrap_outer_middleware(_wrapped, event=event, data=kwargs)
           ^^^^^^^^^^^^^^^^^^^^^^^^^^^^^^^^^^^^^^^^^^^^^^^^^^^^^^^^^^^^^^^^^^^^^^^^
  File "/home/dev/Projects/meteor_bot/.venv/lib/python3.13/site-packages/aiogram/dispatcher/router.py", line 141, in _wrapped
    return await self._propagate_event(
           ^^^^^^^^^^^^^^^^^^^^^^^^^^^^
        observer=observer, update_type=update_type, event=telegram_event, **data
        ^^^^^^^^^^^^^^^^^^^^^^^^^^^^^^^^^^^^^^^^^^^^^^^^^^^^^^^^^^^^^^^^^^^^^^^^
    )
    ^
  File "/home/dev/Projects/meteor_bot/.venv/lib/python3.13/site-packages/aiogram/dispatcher/router.py", line 166, in _propagate_event
    response = await observer.trigger(event, **kwargs)
               ^^^^^^^^^^^^^^^^^^^^^^^^^^^^^^^^^^^^^^^
  File "/home/dev/Projects/meteor_bot/.venv/lib/python3.13/site-packages/aiogram/dispatcher/event/telegram.py", line 121, in trigger
    return await wrapped_inner(event, kwargs)
           ^^^^^^^^^^^^^^^^^^^^^^^^^^^^^^^^^^
  File "/home/dev/Projects/meteor_bot/middlewares/middlewares.py", line 39, in __call__
    return await handler(event, data)
           ^^^^^^^^^^^^^^^^^^^^^^^^^^
  File "/home/dev/Projects/meteor_bot/middlewares/middlewares.py", line 18, in __call__
    add_user(user_id, first_name, last_name, username)
    ~~~~~~~~^^^^^^^^^^^^^^^^^^^^^^^^^^^^^^^^^^^^^^^^^^
  File "/home/dev/Projects/meteor_bot/utils/utils.py", line 16, in add_user
    existing_user = db.query(User).filter(User.user_id == user_id).first()
                                          ^^^^^^^^^^^^
AttributeError: type object 'User' has no attribute 'user_id'
2025-10-22 19:00:27,047 - WARNING - Received SIGINT signal
2025-10-22 19:00:27,048 - INFO - Polling stopped for bot @Meteorpremium_bot id=8319234285 - 'Meteor'
2025-10-22 19:00:27,048 - INFO - Polling stopped
2025-10-22 19:00:27,240 - WARNING - Received SIGINT signal
2025-10-22 19:00:35,071 - INFO - Configuration loaded successfully.
2025-10-22 19:00:35,408 - INFO - Bot and Dispatcher initialized successfully.
2025-10-22 19:00:35,409 - INFO - Bot is starting...
2025-10-22 19:00:35,410 - INFO - Bot is running in POLLING mode.
2025-10-22 19:00:35,410 - INFO - Starting bot in polling mode...
2025-10-22 19:00:35,765 - INFO - Start polling
2025-10-22 19:00:35,872 - INFO - Run polling for bot @Meteorpremium_bot id=8319234285 - 'Meteor'
2025-10-22 19:00:38,660 - INFO - Update id=147947892 is not handled. Duration 40 ms by bot id=8319234285
2025-10-22 19:00:38,661 - ERROR - Cause exception while process update id=147947892 by bot id=8319234285
AttributeError: 'NoneType' object has no attribute 'get'
Traceback (most recent call last):
  File "/home/dev/Projects/meteor_bot/.venv/lib/python3.13/site-packages/aiogram/dispatcher/dispatcher.py", line 309, in _process_update
    response = await self.feed_update(bot, update, **kwargs)
               ^^^^^^^^^^^^^^^^^^^^^^^^^^^^^^^^^^^^^^^^^^^^^
  File "/home/dev/Projects/meteor_bot/.venv/lib/python3.13/site-packages/aiogram/dispatcher/dispatcher.py", line 158, in feed_update
    response = await self.update.wrap_outer_middleware(
               ^^^^^^^^^^^^^^^^^^^^^^^^^^^^^^^^^^^^^^^^
    ...<7 lines>...
    )
    ^
  File "/home/dev/Projects/meteor_bot/.venv/lib/python3.13/site-packages/aiogram/dispatcher/middlewares/error.py", line 25, in __call__
    return await handler(event, data)
           ^^^^^^^^^^^^^^^^^^^^^^^^^^
  File "/home/dev/Projects/meteor_bot/.venv/lib/python3.13/site-packages/aiogram/dispatcher/middlewares/user_context.py", line 56, in __call__
    return await handler(event, data)
           ^^^^^^^^^^^^^^^^^^^^^^^^^^
  File "/home/dev/Projects/meteor_bot/.venv/lib/python3.13/site-packages/aiogram/fsm/middleware.py", line 42, in __call__
    return await handler(event, data)
           ^^^^^^^^^^^^^^^^^^^^^^^^^^
  File "/home/dev/Projects/meteor_bot/.venv/lib/python3.13/site-packages/aiogram/dispatcher/event/telegram.py", line 121, in trigger
    return await wrapped_inner(event, kwargs)
           ^^^^^^^^^^^^^^^^^^^^^^^^^^^^^^^^^^
  File "/home/dev/Projects/meteor_bot/.venv/lib/python3.13/site-packages/aiogram/dispatcher/event/handler.py", line 43, in call
    return await wrapped()
           ^^^^^^^^^^^^^^^
  File "/home/dev/Projects/meteor_bot/.venv/lib/python3.13/site-packages/aiogram/dispatcher/dispatcher.py", line 276, in _listen_update
    return await self.propagate_event(update_type=update_type, event=event, **kwargs)
           ^^^^^^^^^^^^^^^^^^^^^^^^^^^^^^^^^^^^^^^^^^^^^^^^^^^^^^^^^^^^^^^^^^^^^^^^^^
  File "/home/dev/Projects/meteor_bot/.venv/lib/python3.13/site-packages/aiogram/dispatcher/router.py", line 146, in propagate_event
    return await observer.wrap_outer_middleware(_wrapped, event=event, data=kwargs)
           ^^^^^^^^^^^^^^^^^^^^^^^^^^^^^^^^^^^^^^^^^^^^^^^^^^^^^^^^^^^^^^^^^^^^^^^^
  File "/home/dev/Projects/meteor_bot/.venv/lib/python3.13/site-packages/aiogram/dispatcher/router.py", line 141, in _wrapped
    return await self._propagate_event(
           ^^^^^^^^^^^^^^^^^^^^^^^^^^^^
        observer=observer, update_type=update_type, event=telegram_event, **data
        ^^^^^^^^^^^^^^^^^^^^^^^^^^^^^^^^^^^^^^^^^^^^^^^^^^^^^^^^^^^^^^^^^^^^^^^^
    )
    ^
  File "/home/dev/Projects/meteor_bot/.venv/lib/python3.13/site-packages/aiogram/dispatcher/router.py", line 174, in _propagate_event
    response = await router.propagate_event(update_type=update_type, event=event, **kwargs)
               ^^^^^^^^^^^^^^^^^^^^^^^^^^^^^^^^^^^^^^^^^^^^^^^^^^^^^^^^^^^^^^^^^^^^^^^^^^^^
  File "/home/dev/Projects/meteor_bot/.venv/lib/python3.13/site-packages/aiogram/dispatcher/router.py", line 146, in propagate_event
    return await observer.wrap_outer_middleware(_wrapped, event=event, data=kwargs)
           ^^^^^^^^^^^^^^^^^^^^^^^^^^^^^^^^^^^^^^^^^^^^^^^^^^^^^^^^^^^^^^^^^^^^^^^^
  File "/home/dev/Projects/meteor_bot/.venv/lib/python3.13/site-packages/aiogram/dispatcher/router.py", line 141, in _wrapped
    return await self._propagate_event(
           ^^^^^^^^^^^^^^^^^^^^^^^^^^^^
        observer=observer, update_type=update_type, event=telegram_event, **data
        ^^^^^^^^^^^^^^^^^^^^^^^^^^^^^^^^^^^^^^^^^^^^^^^^^^^^^^^^^^^^^^^^^^^^^^^^
    )
    ^
  File "/home/dev/Projects/meteor_bot/.venv/lib/python3.13/site-packages/aiogram/dispatcher/router.py", line 166, in _propagate_event
    response = await observer.trigger(event, **kwargs)
               ^^^^^^^^^^^^^^^^^^^^^^^^^^^^^^^^^^^^^^^
  File "/home/dev/Projects/meteor_bot/.venv/lib/python3.13/site-packages/aiogram/dispatcher/event/telegram.py", line 121, in trigger
    return await wrapped_inner(event, kwargs)
           ^^^^^^^^^^^^^^^^^^^^^^^^^^^^^^^^^^
  File "/home/dev/Projects/meteor_bot/middlewares/middlewares.py", line 39, in __call__
    return await handler(event, data)
           ^^^^^^^^^^^^^^^^^^^^^^^^^^
  File "/home/dev/Projects/meteor_bot/middlewares/middlewares.py", line 22, in __call__
    get_translation('start_message', language=language),
    ~~~~~~~~~~~~~~~^^^^^^^^^^^^^^^^^^^^^^^^^^^^^^^^^^^^
  File "/home/dev/Projects/meteor_bot/config/settings.py", line 40, in get_translation
    data = LANGUAGES.get(language, LANGUAGES['en'])
           ^^^^^^^^^^^^^
AttributeError: 'NoneType' object has no attribute 'get'
2025-10-22 19:00:40,515 - INFO - Update id=147947893 is handled. Duration 371 ms by bot id=8319234285
2025-10-22 19:01:40,165 - WARNING - Received SIGINT signal
2025-10-22 19:01:40,165 - INFO - Polling stopped for bot @Meteorpremium_bot id=8319234285 - 'Meteor'
2025-10-22 19:01:40,166 - INFO - Polling stopped
2025-10-22 19:01:40,351 - WARNING - Received SIGINT signal
2025-10-22 19:01:45,652 - INFO - Configuration loaded successfully.
2025-10-22 19:01:45,979 - INFO - Bot and Dispatcher initialized successfully.
2025-10-22 19:01:45,982 - INFO - Bot is starting...
2025-10-22 19:01:45,982 - INFO - Bot is running in POLLING mode.
2025-10-22 19:01:45,982 - INFO - Starting bot in polling mode...
2025-10-22 19:01:46,552 - INFO - Start polling
2025-10-22 19:01:46,662 - INFO - Run polling for bot @Meteorpremium_bot id=8319234285 - 'Meteor'
2025-10-22 19:01:49,654 - INFO - Update id=147947894 is handled. Duration 574 ms by bot id=8319234285
2025-10-22 19:01:52,654 - INFO - Update id=147947895 is handled. Duration 301 ms by bot id=8319234285
2025-10-22 19:01:55,296 - INFO - Update id=147947896 is handled. Duration 145 ms by bot id=8319234285
2025-10-22 19:01:56,943 - INFO - Update id=147947897 is handled. Duration 381 ms by bot id=8319234285
2025-10-22 19:01:58,017 - INFO - Update id=147947898 is handled. Duration 160 ms by bot id=8319234285
2025-10-22 19:02:11,038 - INFO - Update id=147947899 is handled. Duration 253 ms by bot id=8319234285
2025-10-22 19:02:15,084 - INFO - Update id=147947900 is handled. Duration 208 ms by bot id=8319234285
2025-10-22 19:02:16,820 - INFO - Update id=147947901 is handled. Duration 202 ms by bot id=8319234285
2025-10-22 19:02:18,259 - INFO - Update id=147947902 is handled. Duration 184 ms by bot id=8319234285
2025-10-22 19:02:19,618 - INFO - Update id=147947903 is handled. Duration 135 ms by bot id=8319234285
2025-10-22 19:09:17,401 - WARNING - Received SIGINT signal
2025-10-22 19:09:17,462 - INFO - Polling stopped for bot @Meteorpremium_bot id=8319234285 - 'Meteor'
2025-10-22 19:09:17,471 - INFO - Polling stopped
2025-10-22 19:09:17,555 - WARNING - Received SIGINT signal
2025-10-22 19:09:17,659 - WARNING - Received SIGINT signal
2025-10-22 19:09:24,881 - INFO - Configuration loaded successfully.
2025-10-22 19:09:25,260 - INFO - Bot and Dispatcher initialized successfully.
2025-10-22 19:09:25,262 - INFO - Bot is starting...
2025-10-22 19:09:25,262 - INFO - Bot is running in POLLING mode.
2025-10-22 19:09:25,262 - INFO - Starting bot in polling mode...
2025-10-22 19:09:25,621 - INFO - Start polling
2025-10-22 19:09:25,800 - INFO - Run polling for bot @Meteorpremium_bot id=8319234285 - 'Meteor'
2025-10-22 19:09:29,545 - INFO - Update id=147947904 is handled. Duration 542 ms by bot id=8319234285
2025-10-22 19:09:31,269 - INFO - Update id=147947905 is handled. Duration 231 ms by bot id=8319234285
2025-10-22 19:09:33,107 - INFO - Update id=147947906 is handled. Duration 161 ms by bot id=8319234285
2025-10-22 19:09:34,528 - INFO - Update id=147947907 is handled. Duration 329 ms by bot id=8319234285
2025-10-22 19:09:36,819 - INFO - Update id=147947908 is handled. Duration 225 ms by bot id=8319234285
2025-10-22 19:09:38,403 - INFO - Update id=147947909 is handled. Duration 327 ms by bot id=8319234285
2025-10-22 19:11:39,522 - WARNING - Received SIGINT signal
2025-10-22 19:11:39,523 - INFO - Polling stopped for bot @Meteorpremium_bot id=8319234285 - 'Meteor'
2025-10-22 19:11:39,524 - INFO - Polling stopped
2025-10-22 19:11:39,680 - WARNING - Received SIGINT signal
2025-10-22 19:11:44,916 - INFO - Configuration loaded successfully.
2025-10-22 19:11:45,239 - INFO - Bot and Dispatcher initialized successfully.
2025-10-22 19:11:45,241 - INFO - Bot is starting...
2025-10-22 19:11:45,241 - INFO - Bot is running in POLLING mode.
2025-10-22 19:11:45,241 - INFO - Starting bot in polling mode...
2025-10-22 19:11:45,727 - INFO - Start polling
2025-10-22 19:11:45,925 - INFO - Run polling for bot @Meteorpremium_bot id=8319234285 - 'Meteor'
2025-10-22 19:11:48,527 - INFO - Update id=147947910 is handled. Duration 552 ms by bot id=8319234285
2025-10-22 19:11:50,417 - INFO - Update id=147947911 is handled. Duration 165 ms by bot id=8319234285
2025-10-22 19:11:51,222 - INFO - Update id=147947912 is handled. Duration 154 ms by bot id=8319234285
2025-10-22 19:11:52,188 - INFO - Update id=147947913 is handled. Duration 179 ms by bot id=8319234285
2025-10-22 19:11:54,404 - INFO - Update id=147947914 is handled. Duration 153 ms by bot id=8319234285
2025-10-22 19:11:55,606 - INFO - Update id=147947915 is handled. Duration 150 ms by bot id=8319234285
2025-10-22 19:11:56,522 - INFO - Update id=147947916 is handled. Duration 149 ms by bot id=8319234285
2025-10-22 19:11:57,497 - INFO - Update id=147947917 is handled. Duration 214 ms by bot id=8319234285
2025-10-22 19:11:58,743 - INFO - Update id=147947918 is handled. Duration 194 ms by bot id=8319234285
2025-10-22 19:11:59,668 - ERROR - Failed to fetch updates - TelegramNetworkError: HTTP Client says - ClientOSError: [Errno 104] Connection reset by peer
2025-10-22 19:11:59,668 - WARNING - Sleep for 1.000000 seconds and try again... (tryings = 0, bot id = 8319234285)
2025-10-22 19:12:00,182 - INFO - Update id=147947919 is handled. Duration 750 ms by bot id=8319234285
2025-10-22 19:12:04,680 - INFO - Connection established (tryings = 1, bot id = 8319234285)
2025-10-22 19:12:05,228 - INFO - Update id=147947920 is handled. Duration 546 ms by bot id=8319234285
2025-10-22 19:12:06,542 - INFO - Update id=147947921 is handled. Duration 152 ms by bot id=8319234285
2025-10-22 19:12:07,889 - INFO - Update id=147947922 is handled. Duration 646 ms by bot id=8319234285
2025-10-22 19:12:08,924 - INFO - Update id=147947923 is handled. Duration 147 ms by bot id=8319234285
2025-10-22 19:12:12,771 - INFO - Update id=147947924 is handled. Duration 201 ms by bot id=8319234285
2025-10-22 19:12:13,818 - INFO - Update id=147947925 is handled. Duration 205 ms by bot id=8319234285
2025-10-22 19:12:14,893 - INFO - Update id=147947926 is handled. Duration 215 ms by bot id=8319234285
2025-10-22 19:12:16,047 - INFO - Update id=147947927 is handled. Duration 307 ms by bot id=8319234285
2025-10-22 19:12:17,317 - INFO - Update id=147947928 is handled. Duration 190 ms by bot id=8319234285
2025-10-22 19:12:18,347 - INFO - Update id=147947929 is handled. Duration 320 ms by bot id=8319234285
2025-10-22 19:12:19,526 - INFO - Update id=147947930 is handled. Duration 186 ms by bot id=8319234285
2025-10-22 19:12:20,655 - INFO - Update id=147947931 is handled. Duration 303 ms by bot id=8319234285
2025-10-22 19:12:21,737 - INFO - Update id=147947932 is handled. Duration 139 ms by bot id=8319234285
2025-10-22 19:12:23,131 - WARNING - Received SIGINT signal
2025-10-22 19:12:23,131 - INFO - Polling stopped for bot @Meteorpremium_bot id=8319234285 - 'Meteor'
2025-10-22 19:12:23,132 - INFO - Polling stopped
2025-10-22 19:12:23,379 - WARNING - Received SIGINT signal
2025-10-22 19:19:04,937 - INFO - Configuration loaded successfully.
2025-10-22 19:19:05,271 - INFO - Bot and Dispatcher initialized successfully.
2025-10-22 19:19:05,273 - INFO - Bot is starting...
2025-10-22 19:19:05,274 - INFO - Bot is running in POLLING mode.
2025-10-22 19:19:05,274 - INFO - Starting bot in polling mode...
2025-10-22 19:19:05,668 - INFO - Start polling
2025-10-22 19:19:05,779 - INFO - Run polling for bot @Meteorpremium_bot id=8319234285 - 'Meteor'
2025-10-22 19:19:08,125 - INFO - Update id=147947933 is handled. Duration 404 ms by bot id=8319234285
2025-10-22 19:19:09,589 - INFO - Update id=147947934 is handled. Duration 364 ms by bot id=8319234285
2025-10-22 19:19:10,659 - INFO - Update id=147947935 is handled. Duration 147 ms by bot id=8319234285
2025-10-22 19:19:12,142 - INFO - Update id=147947936 is handled. Duration 244 ms by bot id=8319234285
2025-10-22 19:19:13,256 - INFO - Update id=147947937 is handled. Duration 202 ms by bot id=8319234285
2025-10-22 19:19:17,221 - INFO - Update id=147947938 is handled. Duration 288 ms by bot id=8319234285
2025-10-22 19:19:18,601 - INFO - Update id=147947939 is handled. Duration 324 ms by bot id=8319234285
2025-10-22 19:19:19,629 - INFO - Update id=147947940 is handled. Duration 137 ms by bot id=8319234285
2025-10-22 19:19:20,682 - INFO - Update id=147947941 is handled. Duration 188 ms by bot id=8319234285
2025-10-22 19:20:31,363 - ERROR - Failed to fetch updates - TelegramNetworkError: HTTP Client says - ServerDisconnectedError: Server disconnected
2025-10-22 19:20:31,363 - WARNING - Sleep for 1.000000 seconds and try again... (tryings = 0, bot id = 8319234285)
2025-10-22 19:20:42,931 - INFO - Connection established (tryings = 1, bot id = 8319234285)
2025-10-22 19:21:20,496 - WARNING - Received SIGINT signal
2025-10-22 19:21:20,500 - INFO - Polling stopped for bot @Meteorpremium_bot id=8319234285 - 'Meteor'
2025-10-22 19:21:20,500 - INFO - Polling stopped
2025-10-22 19:21:20,675 - WARNING - Received SIGINT signal
2025-10-22 19:21:30,926 - INFO - Configuration loaded successfully.
2025-10-22 19:21:31,277 - INFO - Bot and Dispatcher initialized successfully.
2025-10-22 19:21:31,279 - INFO - Bot is starting...
2025-10-22 19:21:31,279 - INFO - Bot is running in POLLING mode.
2025-10-22 19:21:31,280 - INFO - Starting bot in polling mode...
2025-10-22 19:21:31,800 - INFO - Start polling
2025-10-22 19:21:32,004 - INFO - Run polling for bot @Meteorpremium_bot id=8319234285 - 'Meteor'
2025-10-22 19:21:35,714 - INFO - Update id=147947942 is handled. Duration 1798 ms by bot id=8319234285
2025-10-22 19:21:37,943 - INFO - Update id=147947943 is handled. Duration 325 ms by bot id=8319234285
2025-10-22 19:21:39,102 - INFO - Update id=147947944 is handled. Duration 201 ms by bot id=8319234285
2025-10-22 19:21:40,837 - INFO - Update id=147947945 is handled. Duration 156 ms by bot id=8319234285
2025-10-22 19:21:41,678 - INFO - Update id=147947946 is handled. Duration 171 ms by bot id=8319234285
2025-10-22 19:21:42,930 - INFO - Update id=147947947 is handled. Duration 170 ms by bot id=8319234285
2025-10-22 19:21:43,831 - INFO - Update id=147947948 is handled. Duration 223 ms by bot id=8319234285
2025-10-22 19:21:44,201 - INFO - Update id=147947949 is handled. Duration 423 ms by bot id=8319234285
2025-10-22 19:23:15,670 - WARNING - Received SIGINT signal
2025-10-22 19:23:15,671 - INFO - Polling stopped for bot @Meteorpremium_bot id=8319234285 - 'Meteor'
2025-10-22 19:23:15,671 - INFO - Polling stopped
2025-10-22 19:23:15,838 - WARNING - Received SIGINT signal
2025-10-22 19:23:21,343 - INFO - Configuration loaded successfully.
2025-10-22 19:23:21,677 - INFO - Bot and Dispatcher initialized successfully.
2025-10-22 19:23:21,680 - INFO - Bot is starting...
2025-10-22 19:23:21,680 - INFO - Bot is running in POLLING mode.
2025-10-22 19:23:21,680 - INFO - Starting bot in polling mode...
2025-10-22 19:23:22,191 - INFO - Start polling
2025-10-22 19:23:22,426 - INFO - Run polling for bot @Meteorpremium_bot id=8319234285 - 'Meteor'
2025-10-22 19:23:24,988 - INFO - Update id=147947950 is handled. Duration 508 ms by bot id=8319234285
2025-10-22 19:23:27,234 - INFO - Update id=147947951 is handled. Duration 192 ms by bot id=8319234285
2025-10-22 19:23:28,474 - INFO - Update id=147947952 is handled. Duration 225 ms by bot id=8319234285
2025-10-22 19:23:29,764 - INFO - Update id=147947953 is handled. Duration 198 ms by bot id=8319234285
2025-10-22 19:23:31,818 - INFO - Update id=147947954 is handled. Duration 292 ms by bot id=8319234285
2025-10-22 19:23:34,980 - INFO - Update id=147947955 is handled. Duration 192 ms by bot id=8319234285
2025-10-22 19:23:36,497 - INFO - Update id=147947956 is handled. Duration 176 ms by bot id=8319234285
2025-10-22 19:23:51,984 - WARNING - Received SIGINT signal
2025-10-22 19:23:51,985 - INFO - Polling stopped for bot @Meteorpremium_bot id=8319234285 - 'Meteor'
2025-10-22 19:23:51,986 - INFO - Polling stopped
2025-10-22 19:23:52,223 - WARNING - Received SIGINT signal
2025-10-22 19:23:57,390 - INFO - Configuration loaded successfully.
2025-10-22 19:23:57,795 - INFO - Bot and Dispatcher initialized successfully.
2025-10-22 19:23:57,797 - INFO - Bot is starting...
2025-10-22 19:23:57,797 - INFO - Bot is running in POLLING mode.
2025-10-22 19:23:57,798 - INFO - Starting bot in polling mode...
2025-10-22 19:23:58,389 - INFO - Start polling
2025-10-22 19:23:58,549 - INFO - Run polling for bot @Meteorpremium_bot id=8319234285 - 'Meteor'
2025-10-22 19:24:01,032 - INFO - Update id=147947957 is handled. Duration 544 ms by bot id=8319234285
2025-10-22 19:24:02,089 - INFO - Update id=147947958 is handled. Duration 234 ms by bot id=8319234285
2025-10-22 19:24:03,412 - INFO - Update id=147947959 is handled. Duration 159 ms by bot id=8319234285
2025-10-22 19:24:04,487 - INFO - Update id=147947960 is handled. Duration 177 ms by bot id=8319234285
2025-10-22 19:24:06,005 - INFO - Update id=147947961 is handled. Duration 190 ms by bot id=8319234285
2025-10-22 19:24:10,972 - INFO - Update id=147947962 is handled. Duration 177 ms by bot id=8319234285
2025-10-22 19:24:12,934 - INFO - Update id=147947963 is handled. Duration 181 ms by bot id=8319234285
2025-10-22 19:24:14,316 - INFO - Update id=147947964 is handled. Duration 402 ms by bot id=8319234285
2025-10-22 19:24:15,421 - INFO - Update id=147947965 is handled. Duration 173 ms by bot id=8319234285
2025-10-22 19:24:16,463 - INFO - Update id=147947966 is handled. Duration 144 ms by bot id=8319234285
2025-10-22 21:30:01,703 - INFO - Configuration loaded successfully.
2025-10-22 21:30:02,153 - INFO - Bot and Dispatcher initialized successfully.
2025-10-22 21:30:02,155 - INFO - Bot is starting...
2025-10-22 21:30:02,155 - INFO - Bot is running in POLLING mode.
2025-10-22 21:30:02,155 - INFO - Starting bot in polling mode...
2025-10-22 21:30:02,775 - INFO - Start polling
2025-10-22 21:30:02,966 - INFO - Run polling for bot @Meteorpremium_bot id=8319234285 - 'Meteor'
2025-10-22 21:32:02,437 - INFO - Update id=147947967 is handled. Duration 2212 ms by bot id=8319234285
2025-10-22 21:32:06,427 - INFO - Update id=147947968 is handled. Duration 197 ms by bot id=8319234285
2025-10-22 21:32:07,762 - INFO - Update id=147947969 is handled. Duration 209 ms by bot id=8319234285
2025-10-22 21:32:08,990 - INFO - Update id=147947970 is not handled. Duration 5 ms by bot id=8319234285
2025-10-22 21:32:08,990 - ERROR - Cause exception while process update id=147947970 by bot id=8319234285
TypeError: get_button_text() missing 1 required positional argument: 'language'
Traceback (most recent call last):
  File "/home/dev/Projects/meteor_bot/.venv/lib/python3.13/site-packages/aiogram/dispatcher/dispatcher.py", line 309, in _process_update
    response = await self.feed_update(bot, update, **kwargs)
               ^^^^^^^^^^^^^^^^^^^^^^^^^^^^^^^^^^^^^^^^^^^^^
  File "/home/dev/Projects/meteor_bot/.venv/lib/python3.13/site-packages/aiogram/dispatcher/dispatcher.py", line 158, in feed_update
    response = await self.update.wrap_outer_middleware(
               ^^^^^^^^^^^^^^^^^^^^^^^^^^^^^^^^^^^^^^^^
    ...<7 lines>...
    )
    ^
  File "/home/dev/Projects/meteor_bot/.venv/lib/python3.13/site-packages/aiogram/dispatcher/middlewares/error.py", line 25, in __call__
    return await handler(event, data)
           ^^^^^^^^^^^^^^^^^^^^^^^^^^
  File "/home/dev/Projects/meteor_bot/.venv/lib/python3.13/site-packages/aiogram/dispatcher/middlewares/user_context.py", line 56, in __call__
    return await handler(event, data)
           ^^^^^^^^^^^^^^^^^^^^^^^^^^
  File "/home/dev/Projects/meteor_bot/.venv/lib/python3.13/site-packages/aiogram/fsm/middleware.py", line 42, in __call__
    return await handler(event, data)
           ^^^^^^^^^^^^^^^^^^^^^^^^^^
  File "/home/dev/Projects/meteor_bot/.venv/lib/python3.13/site-packages/aiogram/dispatcher/event/telegram.py", line 121, in trigger
    return await wrapped_inner(event, kwargs)
           ^^^^^^^^^^^^^^^^^^^^^^^^^^^^^^^^^^
  File "/home/dev/Projects/meteor_bot/.venv/lib/python3.13/site-packages/aiogram/dispatcher/event/handler.py", line 43, in call
    return await wrapped()
           ^^^^^^^^^^^^^^^
  File "/home/dev/Projects/meteor_bot/.venv/lib/python3.13/site-packages/aiogram/dispatcher/dispatcher.py", line 276, in _listen_update
    return await self.propagate_event(update_type=update_type, event=event, **kwargs)
           ^^^^^^^^^^^^^^^^^^^^^^^^^^^^^^^^^^^^^^^^^^^^^^^^^^^^^^^^^^^^^^^^^^^^^^^^^^
  File "/home/dev/Projects/meteor_bot/.venv/lib/python3.13/site-packages/aiogram/dispatcher/router.py", line 146, in propagate_event
    return await observer.wrap_outer_middleware(_wrapped, event=event, data=kwargs)
           ^^^^^^^^^^^^^^^^^^^^^^^^^^^^^^^^^^^^^^^^^^^^^^^^^^^^^^^^^^^^^^^^^^^^^^^^
  File "/home/dev/Projects/meteor_bot/.venv/lib/python3.13/site-packages/aiogram/dispatcher/router.py", line 141, in _wrapped
    return await self._propagate_event(
           ^^^^^^^^^^^^^^^^^^^^^^^^^^^^
        observer=observer, update_type=update_type, event=telegram_event, **data
        ^^^^^^^^^^^^^^^^^^^^^^^^^^^^^^^^^^^^^^^^^^^^^^^^^^^^^^^^^^^^^^^^^^^^^^^^
    )
    ^
  File "/home/dev/Projects/meteor_bot/.venv/lib/python3.13/site-packages/aiogram/dispatcher/router.py", line 174, in _propagate_event
    response = await router.propagate_event(update_type=update_type, event=event, **kwargs)
               ^^^^^^^^^^^^^^^^^^^^^^^^^^^^^^^^^^^^^^^^^^^^^^^^^^^^^^^^^^^^^^^^^^^^^^^^^^^^
  File "/home/dev/Projects/meteor_bot/.venv/lib/python3.13/site-packages/aiogram/dispatcher/router.py", line 146, in propagate_event
    return await observer.wrap_outer_middleware(_wrapped, event=event, data=kwargs)
           ^^^^^^^^^^^^^^^^^^^^^^^^^^^^^^^^^^^^^^^^^^^^^^^^^^^^^^^^^^^^^^^^^^^^^^^^
  File "/home/dev/Projects/meteor_bot/.venv/lib/python3.13/site-packages/aiogram/dispatcher/router.py", line 141, in _wrapped
    return await self._propagate_event(
           ^^^^^^^^^^^^^^^^^^^^^^^^^^^^
        observer=observer, update_type=update_type, event=telegram_event, **data
        ^^^^^^^^^^^^^^^^^^^^^^^^^^^^^^^^^^^^^^^^^^^^^^^^^^^^^^^^^^^^^^^^^^^^^^^^
    )
    ^
  File "/home/dev/Projects/meteor_bot/.venv/lib/python3.13/site-packages/aiogram/dispatcher/router.py", line 166, in _propagate_event
    response = await observer.trigger(event, **kwargs)
               ^^^^^^^^^^^^^^^^^^^^^^^^^^^^^^^^^^^^^^^
  File "/home/dev/Projects/meteor_bot/.venv/lib/python3.13/site-packages/aiogram/dispatcher/event/telegram.py", line 113, in trigger
    result, data = await handler.check(event, **kwargs)
                   ^^^^^^^^^^^^^^^^^^^^^^^^^^^^^^^^^^^^
  File "/home/dev/Projects/meteor_bot/.venv/lib/python3.13/site-packages/aiogram/dispatcher/event/handler.py", line 90, in check
    check = await event_filter.call(*args, **kwargs)
            ^^^^^^^^^^^^^^^^^^^^^^^^^^^^^^^^^^^^^^^^
  File "/home/dev/Projects/meteor_bot/.venv/lib/python3.13/site-packages/aiogram/dispatcher/event/handler.py", line 44, in call
    return await asyncio.to_thread(wrapped)
           ^^^^^^^^^^^^^^^^^^^^^^^^^^^^^^^^
  File "/usr/lib/python3.13/asyncio/threads.py", line 25, in to_thread
    return await loop.run_in_executor(None, func_call)
           ^^^^^^^^^^^^^^^^^^^^^^^^^^^^^^^^^^^^^^^^^^^
  File "/usr/lib/python3.13/concurrent/futures/thread.py", line 59, in run
    result = self.fn(*self.args, **self.kwargs)
  File "/home/dev/Projects/meteor_bot/handlers/handlers.py", line 85, in <lambda>
    @router.message(lambda message: message.text == get_button_text('click_button'), StateFilter(UserStates.payment_type))
                                                    ~~~~~~~~~~~~~~~^^^^^^^^^^^^^^^^
TypeError: get_button_text() missing 1 required positional argument: 'language'
2025-10-22 21:32:32,513 - WARNING - Received SIGINT signal
2025-10-22 21:32:32,514 - INFO - Polling stopped for bot @Meteorpremium_bot id=8319234285 - 'Meteor'
2025-10-22 21:32:32,514 - INFO - Polling stopped
2025-10-22 21:32:32,685 - WARNING - Received SIGINT signal
2025-10-22 21:32:38,610 - INFO - Configuration loaded successfully.
2025-10-22 21:32:39,044 - INFO - Bot and Dispatcher initialized successfully.
2025-10-22 21:32:39,046 - INFO - Bot is starting...
2025-10-22 21:32:39,047 - INFO - Bot is running in POLLING mode.
2025-10-22 21:32:39,047 - INFO - Starting bot in polling mode...
2025-10-22 21:32:39,866 - INFO - Start polling
2025-10-22 21:32:40,071 - INFO - Run polling for bot @Meteorpremium_bot id=8319234285 - 'Meteor'
2025-10-22 21:32:51,300 - INFO - Update id=147947971 is handled. Duration 535 ms by bot id=8319234285
2025-10-22 21:32:52,692 - INFO - Update id=147947972 is handled. Duration 357 ms by bot id=8319234285
2025-10-22 21:32:53,884 - INFO - Update id=147947973 is handled. Duration 184 ms by bot id=8319234285
2025-10-22 21:32:55,664 - INFO - Update id=147947974 is handled. Duration 409 ms by bot id=8319234285
2025-10-22 21:33:45,493 - WARNING - Received SIGINT signal
2025-10-22 21:33:45,496 - INFO - Polling stopped for bot @Meteorpremium_bot id=8319234285 - 'Meteor'
2025-10-22 21:33:45,496 - INFO - Polling stopped
2025-10-22 21:33:52,707 - INFO - Configuration loaded successfully.
2025-10-22 21:33:53,030 - INFO - Bot and Dispatcher initialized successfully.
2025-10-22 21:33:53,031 - INFO - Bot is starting...
2025-10-22 21:33:53,032 - INFO - Bot is running in POLLING mode.
2025-10-22 21:33:53,032 - INFO - Starting bot in polling mode...
2025-10-22 21:33:53,675 - INFO - Start polling
2025-10-22 21:33:53,880 - INFO - Run polling for bot @Meteorpremium_bot id=8319234285 - 'Meteor'
2025-10-22 21:33:57,590 - INFO - Update id=147947975 is handled. Duration 697 ms by bot id=8319234285
2025-10-22 21:33:58,795 - INFO - Update id=147947976 is handled. Duration 163 ms by bot id=8319234285
2025-10-22 21:33:59,801 - INFO - Update id=147947977 is handled. Duration 147 ms by bot id=8319234285
2025-10-22 21:34:01,211 - INFO - Update id=147947978 is handled. Duration 235 ms by bot id=8319234285
2025-10-22 21:34:13,726 - WARNING - Received SIGINT signal
2025-10-22 21:34:13,727 - INFO - Polling stopped for bot @Meteorpremium_bot id=8319234285 - 'Meteor'
2025-10-22 21:34:13,727 - INFO - Polling stopped
2025-10-22 21:34:20,393 - INFO - Configuration loaded successfully.
2025-10-22 21:34:20,720 - INFO - Bot and Dispatcher initialized successfully.
2025-10-22 21:34:20,722 - INFO - Bot is starting...
2025-10-22 21:34:20,722 - INFO - Bot is running in POLLING mode.
2025-10-22 21:34:20,722 - INFO - Starting bot in polling mode...
2025-10-22 21:34:21,553 - INFO - Start polling
2025-10-22 21:34:21,761 - INFO - Run polling for bot @Meteorpremium_bot id=8319234285 - 'Meteor'
2025-10-22 21:34:25,267 - INFO - Update id=147947979 is handled. Duration 529 ms by bot id=8319234285
2025-10-22 21:34:26,369 - INFO - Update id=147947980 is handled. Duration 200 ms by bot id=8319234285
2025-10-22 21:34:27,277 - INFO - Update id=147947981 is handled. Duration 212 ms by bot id=8319234285
2025-10-22 21:34:28,904 - INFO - Update id=147947982 is handled. Duration 579 ms by bot id=8319234285
2025-10-22 21:35:25,831 - WARNING - Received SIGINT signal
2025-10-22 21:35:25,832 - INFO - Polling stopped for bot @Meteorpremium_bot id=8319234285 - 'Meteor'
2025-10-22 21:35:25,833 - INFO - Polling stopped
2025-10-22 21:35:35,364 - INFO - Configuration loaded successfully.
2025-10-22 21:35:35,685 - INFO - Bot and Dispatcher initialized successfully.
2025-10-22 21:35:35,687 - INFO - Bot is starting...
2025-10-22 21:35:35,688 - INFO - Bot is running in POLLING mode.
2025-10-22 21:35:35,688 - INFO - Starting bot in polling mode...
2025-10-22 21:35:36,283 - INFO - Start polling
2025-10-22 21:35:36,458 - INFO - Run polling for bot @waterasdbot id=8170384586 - 'Water'
2025-10-22 21:36:29,780 - INFO - Update id=331458439 is handled. Duration 524 ms by bot id=8170384586
2025-10-22 21:36:32,514 - INFO - Update id=331458440 is handled. Duration 156 ms by bot id=8170384586
2025-10-22 21:36:33,661 - INFO - Update id=331458441 is handled. Duration 150 ms by bot id=8170384586
2025-10-22 21:36:34,681 - INFO - Update id=331458442 is handled. Duration 149 ms by bot id=8170384586
2025-10-22 21:51:36,457 - INFO - Configuration loaded successfully.
2025-10-22 21:51:36,886 - INFO - Bot and Dispatcher initialized successfully.
2025-10-22 21:51:36,888 - INFO - Bot is starting...
2025-10-22 21:51:36,889 - INFO - Bot is running in POLLING mode.
2025-10-22 21:51:36,889 - INFO - Starting bot in polling mode...
2025-10-22 21:51:37,844 - INFO - Start polling
2025-10-22 21:51:37,959 - INFO - Run polling for bot @waterasdbot id=8170384586 - 'Water'
2025-10-22 21:52:36,248 - INFO - Update id=331458443 is handled. Duration 745 ms by bot id=8170384586
2025-10-22 22:08:09,034 - WARNING - Received SIGINT signal
2025-10-22 22:08:09,183 - WARNING - Received SIGINT signal
2025-10-22 22:08:09,234 - INFO - Polling stopped for bot @waterasdbot id=8170384586 - 'Water'
2025-10-22 22:08:09,245 - INFO - Polling stopped
2025-10-22 22:08:09,416 - WARNING - Received SIGINT signal
2025-10-22 22:08:09,493 - WARNING - Received SIGINT signal
2025-10-22 22:08:18,829 - INFO - Configuration loaded successfully.
2025-10-22 22:12:11,005 - INFO - Configuration loaded successfully.
2025-10-22 22:12:23,103 - INFO - Configuration loaded successfully.
2025-10-22 22:13:27,059 - INFO - Configuration loaded successfully.
2025-10-22 22:13:27,432 - INFO - Bot and Dispatcher initialized successfully.
2025-10-22 22:13:27,434 - INFO - Bot is starting...
2025-10-22 22:13:27,434 - INFO - Bot is running in POLLING mode.
2025-10-22 22:13:27,435 - INFO - Starting bot in polling mode...
2025-10-22 22:13:28,231 - INFO - Start polling
2025-10-22 22:13:28,391 - INFO - Run polling for bot @waterasdbot id=8170384586 - 'Water'
2025-10-22 22:13:41,589 - INFO - Update id=331458444 is handled. Duration 584 ms by bot id=8170384586
2025-10-22 22:13:50,055 - INFO - Update id=331458445 is handled. Duration 168 ms by bot id=8170384586
2025-10-22 22:13:51,368 - INFO - Update id=331458446 is handled. Duration 175 ms by bot id=8170384586
2025-10-22 22:13:53,283 - INFO - Update id=331458447 is handled. Duration 282 ms by bot id=8170384586
2025-10-22 22:13:54,891 - INFO - Update id=331458448 is handled. Duration 152 ms by bot id=8170384586
2025-10-22 22:13:57,025 - INFO - Update id=331458449 is handled. Duration 284 ms by bot id=8170384586
2025-10-22 22:13:58,994 - INFO - Update id=331458450 is handled. Duration 145 ms by bot id=8170384586
2025-10-22 22:14:00,194 - INFO - Update id=331458451 is handled. Duration 195 ms by bot id=8170384586
2025-10-22 22:14:01,668 - INFO - Update id=331458452 is handled. Duration 325 ms by bot id=8170384586
2025-10-22 22:14:03,907 - INFO - Update id=331458453 is handled. Duration 142 ms by bot id=8170384586
2025-10-22 22:14:06,434 - INFO - Update id=331458454 is handled. Duration 182 ms by bot id=8170384586
2025-10-22 22:14:07,606 - INFO - Update id=331458455 is handled. Duration 207 ms by bot id=8170384586
2025-10-22 22:14:09,078 - INFO - Update id=331458456 is handled. Duration 195 ms by bot id=8170384586
2025-10-22 22:14:12,930 - INFO - Update id=331458457 is handled. Duration 337 ms by bot id=8170384586
2025-10-22 22:14:18,510 - INFO - Update id=331458458 is handled. Duration 155 ms by bot id=8170384586
2025-10-22 22:14:19,667 - INFO - Update id=331458459 is handled. Duration 167 ms by bot id=8170384586
2025-10-22 22:14:21,016 - INFO - Update id=331458460 is handled. Duration 370 ms by bot id=8170384586
2025-10-22 22:14:22,481 - INFO - Update id=331458461 is handled. Duration 192 ms by bot id=8170384586
2025-10-22 22:14:23,765 - INFO - Update id=331458462 is handled. Duration 159 ms by bot id=8170384586
2025-10-22 22:14:24,909 - INFO - Update id=331458463 is handled. Duration 149 ms by bot id=8170384586
2025-10-22 22:14:25,784 - INFO - Update id=331458464 is handled. Duration 154 ms by bot id=8170384586
2025-10-22 22:17:32,587 - WARNING - Received SIGINT signal
2025-10-22 22:17:32,589 - INFO - Polling stopped for bot @waterasdbot id=8170384586 - 'Water'
2025-10-22 22:17:32,589 - INFO - Polling stopped
2025-10-22 22:17:32,736 - WARNING - Received SIGINT signal
2025-10-22 22:17:38,556 - INFO - Configuration loaded successfully.
2025-10-22 22:17:39,059 - INFO - Bot and Dispatcher initialized successfully.
2025-10-22 22:17:39,061 - INFO - Bot is starting...
2025-10-22 22:17:39,061 - INFO - Bot is running in POLLING mode.
2025-10-22 22:17:39,062 - INFO - Starting bot in polling mode...
2025-10-22 22:17:40,027 - INFO - Start polling
2025-10-22 22:17:40,137 - INFO - Run polling for bot @waterasdbot id=8170384586 - 'Water'
2025-10-22 22:17:43,222 - INFO - Update id=331458465 is handled. Duration 859 ms by bot id=8170384586
2025-10-22 22:17:44,701 - INFO - Update id=331458466 is handled. Duration 236 ms by bot id=8170384586
2025-10-22 22:17:46,145 - INFO - Update id=331458467 is handled. Duration 394 ms by bot id=8170384586
2025-10-22 22:17:47,199 - INFO - Update id=331458468 is not handled. Duration 9 ms by bot id=8170384586
2025-10-22 22:17:47,199 - ERROR - Cause exception while process update id=331458468 by bot id=8170384586
TypeError: handle_email_back_button() got multiple values for argument 'bot'
Traceback (most recent call last):
  File "/home/dev/Projects/meteor_bot/.venv/lib/python3.13/site-packages/aiogram/dispatcher/dispatcher.py", line 309, in _process_update
    response = await self.feed_update(bot, update, **kwargs)
               ^^^^^^^^^^^^^^^^^^^^^^^^^^^^^^^^^^^^^^^^^^^^^
  File "/home/dev/Projects/meteor_bot/.venv/lib/python3.13/site-packages/aiogram/dispatcher/dispatcher.py", line 158, in feed_update
    response = await self.update.wrap_outer_middleware(
               ^^^^^^^^^^^^^^^^^^^^^^^^^^^^^^^^^^^^^^^^
    ...<7 lines>...
    )
    ^
  File "/home/dev/Projects/meteor_bot/.venv/lib/python3.13/site-packages/aiogram/dispatcher/middlewares/error.py", line 25, in __call__
    return await handler(event, data)
           ^^^^^^^^^^^^^^^^^^^^^^^^^^
  File "/home/dev/Projects/meteor_bot/.venv/lib/python3.13/site-packages/aiogram/dispatcher/middlewares/user_context.py", line 56, in __call__
    return await handler(event, data)
           ^^^^^^^^^^^^^^^^^^^^^^^^^^
  File "/home/dev/Projects/meteor_bot/.venv/lib/python3.13/site-packages/aiogram/fsm/middleware.py", line 42, in __call__
    return await handler(event, data)
           ^^^^^^^^^^^^^^^^^^^^^^^^^^
  File "/home/dev/Projects/meteor_bot/.venv/lib/python3.13/site-packages/aiogram/dispatcher/event/telegram.py", line 121, in trigger
    return await wrapped_inner(event, kwargs)
           ^^^^^^^^^^^^^^^^^^^^^^^^^^^^^^^^^^
  File "/home/dev/Projects/meteor_bot/.venv/lib/python3.13/site-packages/aiogram/dispatcher/event/handler.py", line 43, in call
    return await wrapped()
           ^^^^^^^^^^^^^^^
  File "/home/dev/Projects/meteor_bot/.venv/lib/python3.13/site-packages/aiogram/dispatcher/dispatcher.py", line 276, in _listen_update
    return await self.propagate_event(update_type=update_type, event=event, **kwargs)
           ^^^^^^^^^^^^^^^^^^^^^^^^^^^^^^^^^^^^^^^^^^^^^^^^^^^^^^^^^^^^^^^^^^^^^^^^^^
  File "/home/dev/Projects/meteor_bot/.venv/lib/python3.13/site-packages/aiogram/dispatcher/router.py", line 146, in propagate_event
    return await observer.wrap_outer_middleware(_wrapped, event=event, data=kwargs)
           ^^^^^^^^^^^^^^^^^^^^^^^^^^^^^^^^^^^^^^^^^^^^^^^^^^^^^^^^^^^^^^^^^^^^^^^^
  File "/home/dev/Projects/meteor_bot/.venv/lib/python3.13/site-packages/aiogram/dispatcher/router.py", line 141, in _wrapped
    return await self._propagate_event(
           ^^^^^^^^^^^^^^^^^^^^^^^^^^^^
        observer=observer, update_type=update_type, event=telegram_event, **data
        ^^^^^^^^^^^^^^^^^^^^^^^^^^^^^^^^^^^^^^^^^^^^^^^^^^^^^^^^^^^^^^^^^^^^^^^^
    )
    ^
  File "/home/dev/Projects/meteor_bot/.venv/lib/python3.13/site-packages/aiogram/dispatcher/router.py", line 174, in _propagate_event
    response = await router.propagate_event(update_type=update_type, event=event, **kwargs)
               ^^^^^^^^^^^^^^^^^^^^^^^^^^^^^^^^^^^^^^^^^^^^^^^^^^^^^^^^^^^^^^^^^^^^^^^^^^^^
  File "/home/dev/Projects/meteor_bot/.venv/lib/python3.13/site-packages/aiogram/dispatcher/router.py", line 146, in propagate_event
    return await observer.wrap_outer_middleware(_wrapped, event=event, data=kwargs)
           ^^^^^^^^^^^^^^^^^^^^^^^^^^^^^^^^^^^^^^^^^^^^^^^^^^^^^^^^^^^^^^^^^^^^^^^^
  File "/home/dev/Projects/meteor_bot/.venv/lib/python3.13/site-packages/aiogram/dispatcher/router.py", line 141, in _wrapped
    return await self._propagate_event(
           ^^^^^^^^^^^^^^^^^^^^^^^^^^^^
        observer=observer, update_type=update_type, event=telegram_event, **data
        ^^^^^^^^^^^^^^^^^^^^^^^^^^^^^^^^^^^^^^^^^^^^^^^^^^^^^^^^^^^^^^^^^^^^^^^^
    )
    ^
  File "/home/dev/Projects/meteor_bot/.venv/lib/python3.13/site-packages/aiogram/dispatcher/router.py", line 166, in _propagate_event
    response = await observer.trigger(event, **kwargs)
               ^^^^^^^^^^^^^^^^^^^^^^^^^^^^^^^^^^^^^^^
  File "/home/dev/Projects/meteor_bot/.venv/lib/python3.13/site-packages/aiogram/dispatcher/event/telegram.py", line 121, in trigger
    return await wrapped_inner(event, kwargs)
           ^^^^^^^^^^^^^^^^^^^^^^^^^^^^^^^^^^
  File "/home/dev/Projects/meteor_bot/middlewares/middlewares.py", line 39, in __call__
    return await handler(event, data)
           ^^^^^^^^^^^^^^^^^^^^^^^^^^
  File "/home/dev/Projects/meteor_bot/middlewares/middlewares.py", line 30, in __call__
    return await handler(event, data)
           ^^^^^^^^^^^^^^^^^^^^^^^^^^
  File "/home/dev/Projects/meteor_bot/.venv/lib/python3.13/site-packages/aiogram/dispatcher/event/handler.py", line 43, in call
    return await wrapped()
                 ~~~~~~~^^
TypeError: handle_email_back_button() got multiple values for argument 'bot'
2025-10-22 22:18:03,572 - WARNING - Received SIGINT signal
2025-10-22 22:18:03,573 - INFO - Polling stopped for bot @waterasdbot id=8170384586 - 'Water'
2025-10-22 22:18:03,574 - INFO - Polling stopped
2025-10-22 22:18:03,812 - WARNING - Received SIGINT signal
2025-10-22 22:18:15,138 - INFO - Configuration loaded successfully.
2025-10-22 22:18:15,481 - INFO - Bot and Dispatcher initialized successfully.
2025-10-22 22:18:15,483 - INFO - Bot is starting...
2025-10-22 22:18:15,484 - INFO - Bot is running in POLLING mode.
2025-10-22 22:18:15,484 - INFO - Starting bot in polling mode...
2025-10-22 22:18:16,282 - INFO - Start polling
2025-10-22 22:18:16,687 - INFO - Run polling for bot @waterasdbot id=8170384586 - 'Water'
2025-10-22 22:18:20,393 - INFO - Update id=331458469 is handled. Duration 715 ms by bot id=8170384586
2025-10-22 22:18:21,594 - INFO - Update id=331458470 is handled. Duration 297 ms by bot id=8170384586
2025-10-22 22:18:22,669 - INFO - Update id=331458471 is handled. Duration 153 ms by bot id=8170384586
2025-10-22 22:18:24,059 - INFO - Update id=331458472 is handled. Duration 160 ms by bot id=8170384586
2025-10-22 22:18:26,407 - INFO - Update id=331458473 is handled. Duration 203 ms by bot id=8170384586
2025-10-22 22:18:27,952 - INFO - Update id=331458474 is handled. Duration 314 ms by bot id=8170384586
2025-10-22 22:18:29,130 - INFO - Update id=331458475 is handled. Duration 251 ms by bot id=8170384586
2025-10-22 22:18:31,150 - INFO - Update id=331458476 is handled. Duration 222 ms by bot id=8170384586
2025-10-22 22:18:32,567 - INFO - Update id=331458477 is handled. Duration 384 ms by bot id=8170384586
2025-10-22 22:18:33,991 - INFO - Update id=331458478 is handled. Duration 208 ms by bot id=8170384586
2025-10-22 22:18:35,681 - INFO - Update id=331458479 is handled. Duration 157 ms by bot id=8170384586
2025-10-22 22:18:37,784 - INFO - Update id=331458480 is handled. Duration 197 ms by bot id=8170384586
2025-10-22 22:18:39,156 - INFO - Update id=331458481 is handled. Duration 253 ms by bot id=8170384586
2025-10-22 22:19:48,290 - WARNING - Received SIGINT signal
2025-10-22 22:19:48,293 - INFO - Polling stopped for bot @waterasdbot id=8170384586 - 'Water'
2025-10-22 22:19:48,293 - INFO - Polling stopped
2025-10-22 22:19:48,485 - WARNING - Received SIGINT signal
2025-10-22 22:19:56,276 - INFO - Configuration loaded successfully.
2025-10-22 22:19:56,772 - INFO - Bot and Dispatcher initialized successfully.
2025-10-22 22:19:56,774 - INFO - Bot is starting...
2025-10-22 22:19:56,775 - INFO - Bot is running in POLLING mode.
2025-10-22 22:19:56,775 - INFO - Starting bot in polling mode...
2025-10-22 22:19:57,837 - INFO - Start polling
2025-10-22 22:19:58,069 - INFO - Run polling for bot @waterasdbot id=8170384586 - 'Water'
2025-10-22 22:20:14,720 - INFO - Update id=331458482 is handled. Duration 801 ms by bot id=8170384586
2025-10-22 22:20:15,922 - INFO - Update id=331458483 is handled. Duration 226 ms by bot id=8170384586
2025-10-22 22:20:16,930 - INFO - Update id=331458484 is handled. Duration 162 ms by bot id=8170384586
2025-10-22 22:20:18,757 - INFO - Update id=331458485 is handled. Duration 447 ms by bot id=8170384586
2025-10-22 22:20:19,992 - INFO - Update id=331458486 is handled. Duration 141 ms by bot id=8170384586
2025-10-22 22:20:32,711 - INFO - Update id=331458487 is handled. Duration 324 ms by bot id=8170384586
2025-10-22 22:20:45,199 - INFO - Update id=331458488 is handled. Duration 154 ms by bot id=8170384586
2025-10-22 22:20:52,049 - INFO - Update id=331458489 is handled. Duration 514 ms by bot id=8170384586
2025-10-22 22:27:02,378 - WARNING - Received SIGINT signal
2025-10-22 22:27:02,437 - INFO - Polling stopped for bot @waterasdbot id=8170384586 - 'Water'
2025-10-22 22:27:02,443 - INFO - Polling stopped
2025-10-22 22:27:02,559 - WARNING - Received SIGINT signal
2025-10-22 22:27:02,716 - WARNING - Received SIGINT signal
2025-10-22 22:27:11,828 - INFO - Configuration loaded successfully.
2025-10-22 22:27:12,458 - INFO - Bot and Dispatcher initialized successfully.
2025-10-22 22:27:12,472 - INFO - Bot is starting...
2025-10-22 22:27:12,473 - INFO - Bot is running in POLLING mode.
2025-10-22 22:27:12,474 - INFO - Starting bot in polling mode...
2025-10-22 22:27:13,451 - INFO - Start polling
2025-10-22 22:27:13,668 - INFO - Run polling for bot @waterasdbot id=8170384586 - 'Water'
2025-10-22 22:27:19,308 - INFO - Update id=331458490 is handled. Duration 887 ms by bot id=8170384586
2025-10-22 22:27:21,103 - INFO - Update id=331458491 is handled. Duration 222 ms by bot id=8170384586
2025-10-22 22:27:22,300 - INFO - Update id=331458492 is handled. Duration 226 ms by bot id=8170384586
2025-10-22 22:27:24,759 - INFO - Update id=331458493 is handled. Duration 202 ms by bot id=8170384586
2025-10-22 22:27:26,676 - INFO - Update id=331458494 is handled. Duration 198 ms by bot id=8170384586
2025-10-22 22:27:29,637 - INFO - Update id=331458495 is handled. Duration 203 ms by bot id=8170384586
2025-10-22 22:27:40,853 - INFO - Update id=331458496 is handled. Duration 548 ms by bot id=8170384586
2025-10-22 22:28:18,261 - WARNING - Received SIGINT signal
2025-10-22 22:28:18,262 - INFO - Polling stopped for bot @waterasdbot id=8170384586 - 'Water'
2025-10-22 22:28:18,263 - INFO - Polling stopped
2025-10-22 22:34:11,127 - INFO - Configuration loaded successfully.
2025-10-22 22:34:11,580 - INFO - Bot and Dispatcher initialized successfully.
2025-10-22 22:34:11,581 - INFO - Bot is starting...
2025-10-22 22:34:11,582 - INFO - Bot is running in POLLING mode.
2025-10-22 22:34:11,582 - INFO - Starting bot in polling mode...
2025-10-22 22:34:12,041 - INFO - Start polling
2025-10-22 22:34:12,192 - INFO - Run polling for bot @waterasdbot id=8170384586 - 'Water'
2025-10-22 22:34:18,968 - INFO - Update id=331458497 is handled. Duration 387 ms by bot id=8170384586
2025-10-22 22:34:21,195 - INFO - Update id=331458498 is handled. Duration 151 ms by bot id=8170384586
2025-10-22 22:34:22,410 - INFO - Update id=331458499 is handled. Duration 151 ms by bot id=8170384586
2025-10-22 22:34:24,029 - INFO - Update id=331458500 is handled. Duration 155 ms by bot id=8170384586
2025-10-22 22:34:25,183 - INFO - Update id=331458501 is handled. Duration 142 ms by bot id=8170384586
2025-10-22 22:34:27,164 - INFO - Update id=331458502 is handled. Duration 509 ms by bot id=8170384586
2025-10-22 22:34:27,745 - INFO - Update id=331458503 is handled. Duration 835 ms by bot id=8170384586
2025-10-22 22:34:29,801 - INFO - Update id=331458504 is handled. Duration 197 ms by bot id=8170384586
2025-10-22 22:34:31,459 - INFO - Update id=331458505 is handled. Duration 219 ms by bot id=8170384586
2025-10-22 22:34:32,861 - INFO - Update id=331458506 is handled. Duration 161 ms by bot id=8170384586
2025-10-22 22:34:34,116 - INFO - Update id=331458507 is handled. Duration 187 ms by bot id=8170384586
2025-10-22 22:34:35,464 - INFO - Update id=331458508 is handled. Duration 394 ms by bot id=8170384586
2025-10-22 22:34:38,502 - INFO - Update id=331458509 is handled. Duration 165 ms by bot id=8170384586
2025-10-22 22:34:54,461 - INFO - Update id=331458510 is handled. Duration 175 ms by bot id=8170384586
2025-10-22 22:35:00,137 - INFO - Update id=331458511 is handled. Duration 223 ms by bot id=8170384586
2025-10-22 22:35:02,391 - INFO - Update id=331458512 is handled. Duration 340 ms by bot id=8170384586
2025-10-22 22:36:07,823 - WARNING - Received SIGINT signal
2025-10-22 22:36:07,824 - INFO - Polling stopped for bot @waterasdbot id=8170384586 - 'Water'
2025-10-22 22:36:07,824 - INFO - Polling stopped
2025-10-22 22:36:08,045 - WARNING - Received SIGINT signal
2025-10-22 22:36:14,260 - INFO - Configuration loaded successfully.
2025-10-22 22:36:14,598 - INFO - Bot and Dispatcher initialized successfully.
2025-10-22 22:36:14,600 - INFO - Bot is starting...
2025-10-22 22:36:14,601 - INFO - Bot is running in POLLING mode.
2025-10-22 22:36:14,601 - INFO - Starting bot in polling mode...
2025-10-22 22:36:15,014 - INFO - Start polling
2025-10-22 22:36:15,124 - INFO - Run polling for bot @waterasdbot id=8170384586 - 'Water'
2025-10-22 22:36:17,841 - INFO - Update id=331458513 is handled. Duration 678 ms by bot id=8170384586
2025-10-22 22:36:19,266 - INFO - Update id=331458514 is handled. Duration 402 ms by bot id=8170384586
2025-10-22 22:36:20,501 - INFO - Update id=331458515 is handled. Duration 204 ms by bot id=8170384586
2025-10-22 22:36:21,947 - INFO - Update id=331458516 is handled. Duration 212 ms by bot id=8170384586
2025-10-22 22:36:23,132 - INFO - Update id=331458517 is handled. Duration 163 ms by bot id=8170384586
2025-10-22 22:36:24,818 - INFO - Update id=331458518 is handled. Duration 182 ms by bot id=8170384586
2025-10-22 22:36:25,780 - INFO - Update id=331458519 is handled. Duration 157 ms by bot id=8170384586
2025-10-22 22:36:27,362 - INFO - Update id=331458520 is handled. Duration 150 ms by bot id=8170384586
2025-10-22 22:36:28,425 - INFO - Update id=331458521 is handled. Duration 173 ms by bot id=8170384586
2025-10-22 22:36:29,629 - INFO - Update id=331458522 is handled. Duration 248 ms by bot id=8170384586
2025-10-22 22:36:31,216 - INFO - Update id=331458523 is handled. Duration 319 ms by bot id=8170384586
2025-10-22 22:36:32,819 - INFO - Update id=331458524 is handled. Duration 282 ms by bot id=8170384586
2025-10-22 22:36:34,100 - INFO - Update id=331458525 is handled. Duration 244 ms by bot id=8170384586
2025-10-22 22:36:35,583 - INFO - Update id=331458526 is handled. Duration 298 ms by bot id=8170384586
2025-10-22 22:36:37,636 - INFO - Update id=331458527 is handled. Duration 485 ms by bot id=8170384586
2025-10-22 22:36:40,013 - INFO - Update id=331458528 is handled. Duration 634 ms by bot id=8170384586
2025-10-22 22:37:09,010 - WARNING - Received SIGINT signal
2025-10-22 22:37:09,010 - INFO - Polling stopped for bot @waterasdbot id=8170384586 - 'Water'
2025-10-22 22:37:09,011 - INFO - Polling stopped
2025-10-22 22:37:09,191 - WARNING - Received SIGINT signal
2025-10-22 22:37:15,845 - INFO - Configuration loaded successfully.
2025-10-22 22:37:16,203 - INFO - Bot and Dispatcher initialized successfully.
2025-10-22 22:37:16,204 - INFO - Bot is starting...
2025-10-22 22:37:16,205 - INFO - Bot is running in POLLING mode.
2025-10-22 22:37:16,205 - INFO - Starting bot in polling mode...
2025-10-22 22:37:16,853 - INFO - Start polling
2025-10-22 22:37:16,971 - INFO - Run polling for bot @waterasdbot id=8170384586 - 'Water'
2025-10-22 22:37:18,988 - INFO - Update id=331458529 is handled. Duration 457 ms by bot id=8170384586
2025-10-22 22:37:20,318 - INFO - Update id=331458530 is handled. Duration 167 ms by bot id=8170384586
2025-10-22 22:38:18,976 - INFO - Update id=331458531 is handled. Duration 167 ms by bot id=8170384586
2025-10-22 22:38:20,293 - INFO - Update id=331458532 is handled. Duration 152 ms by bot id=8170384586
2025-10-22 22:38:22,187 - INFO - Update id=331458533 is handled. Duration 409 ms by bot id=8170384586
2025-10-22 22:38:23,698 - INFO - Update id=331458534 is handled. Duration 151 ms by bot id=8170384586
2025-10-22 22:38:24,909 - INFO - Update id=331458535 is handled. Duration 163 ms by bot id=8170384586
2025-10-22 22:38:26,379 - INFO - Update id=331458536 is handled. Duration 306 ms by bot id=8170384586
2025-10-22 22:38:27,672 - INFO - Update id=331458537 is handled. Duration 266 ms by bot id=8170384586
2025-10-22 22:39:23,868 - WARNING - Received SIGINT signal
2025-10-22 22:39:23,869 - INFO - Polling stopped for bot @waterasdbot id=8170384586 - 'Water'
2025-10-22 22:39:23,870 - INFO - Polling stopped
2025-10-22 22:39:24,046 - WARNING - Received SIGINT signal
2025-10-22 22:39:29,587 - INFO - Configuration loaded successfully.
2025-10-22 22:39:29,959 - INFO - Bot and Dispatcher initialized successfully.
2025-10-22 22:39:29,961 - INFO - Bot is starting...
2025-10-22 22:39:29,961 - INFO - Bot is running in POLLING mode.
2025-10-22 22:39:29,961 - INFO - Starting bot in polling mode...
2025-10-22 22:39:30,316 - INFO - Start polling
2025-10-22 22:39:30,426 - INFO - Run polling for bot @waterasdbot id=8170384586 - 'Water'
2025-10-22 22:39:33,577 - INFO - Update id=331458538 is handled. Duration 507 ms by bot id=8170384586
2025-10-22 22:39:34,826 - INFO - Update id=331458539 is handled. Duration 235 ms by bot id=8170384586
2025-10-22 22:39:35,890 - INFO - Update id=331458540 is handled. Duration 203 ms by bot id=8170384586
2025-10-22 22:39:37,021 - INFO - Update id=331458541 is handled. Duration 176 ms by bot id=8170384586
2025-10-22 22:39:37,929 - INFO - Update id=331458542 is handled. Duration 168 ms by bot id=8170384586
2025-10-22 22:39:39,200 - INFO - Update id=331458543 is handled. Duration 167 ms by bot id=8170384586
2025-10-22 22:39:40,623 - INFO - Update id=331458544 is handled. Duration 292 ms by bot id=8170384586
2025-10-22 22:39:42,927 - INFO - Update id=331458545 is handled. Duration 206 ms by bot id=8170384586
2025-10-22 22:39:44,013 - INFO - Update id=331458546 is handled. Duration 246 ms by bot id=8170384586
2025-10-22 22:45:59,048 - ERROR - Failed to fetch updates - TelegramNetworkError: HTTP Client says - Request timeout error
2025-10-22 22:45:59,093 - WARNING - Sleep for 1.000000 seconds and try again... (tryings = 0, bot id = 8170384586)
2025-10-22 23:25:25,127 - INFO - Configuration loaded successfully.
2025-10-22 23:25:25,667 - INFO - Bot and Dispatcher initialized successfully.
2025-10-22 23:25:25,669 - INFO - Bot is starting...
2025-10-22 23:25:25,670 - INFO - Bot is running in POLLING mode.
2025-10-22 23:25:25,670 - INFO - Starting bot in polling mode...
2025-10-22 23:25:27,119 - INFO - Start polling
2025-10-22 23:25:27,243 - INFO - Run polling for bot @waterasdbot id=8170384586 - 'Water'
2025-10-22 23:25:42,100 - INFO - Update id=331458547 is handled. Duration 509 ms by bot id=8170384586
2025-10-22 23:25:44,689 - INFO - Update id=331458548 is handled. Duration 308 ms by bot id=8170384586
2025-10-22 23:25:46,335 - INFO - Update id=331458549 is handled. Duration 241 ms by bot id=8170384586
2025-10-22 23:25:49,157 - INFO - Update id=331458550 is handled. Duration 196 ms by bot id=8170384586
2025-10-22 23:25:50,661 - INFO - Update id=331458551 is handled. Duration 162 ms by bot id=8170384586
2025-10-22 23:26:05,336 - INFO - Update id=331458552 is handled. Duration 202 ms by bot id=8170384586
2025-10-22 23:26:23,170 - INFO - Update id=331458553 is handled. Duration 1102 ms by bot id=8170384586
2025-10-22 23:26:31,368 - INFO - Update id=331458554 is handled. Duration 394 ms by bot id=8170384586
2025-10-22 23:26:35,347 - INFO - Update id=331458555 is handled. Duration 200 ms by bot id=8170384586
2025-10-22 23:26:37,287 - INFO - Update id=331458556 is handled. Duration 230 ms by bot id=8170384586
2025-10-22 23:26:38,553 - INFO - Update id=331458557 is handled. Duration 202 ms by bot id=8170384586
2025-10-22 23:26:40,150 - INFO - Update id=331458558 is handled. Duration 176 ms by bot id=8170384586
2025-10-22 23:26:42,062 - INFO - Update id=331458559 is handled. Duration 414 ms by bot id=8170384586
2025-10-22 23:26:44,865 - INFO - Update id=331458560 is handled. Duration 825 ms by bot id=8170384586
2025-10-22 23:26:49,765 - INFO - Update id=331458561 is handled. Duration 211 ms by bot id=8170384586
2025-10-22 23:26:51,372 - INFO - Update id=331458562 is handled. Duration 349 ms by bot id=8170384586
2025-10-22 23:26:54,007 - INFO - Update id=331458563 is handled. Duration 164 ms by bot id=8170384586
2025-10-22 23:27:17,453 - WARNING - Received SIGINT signal
2025-10-22 23:27:17,504 - INFO - Polling stopped for bot @waterasdbot id=8170384586 - 'Water'
2025-10-22 23:27:17,506 - INFO - Polling stopped
2025-10-22 23:27:17,732 - WARNING - Received SIGINT signal
2025-10-22 23:27:24,659 - INFO - Configuration loaded successfully.
2025-10-22 23:27:25,043 - INFO - Bot and Dispatcher initialized successfully.
2025-10-22 23:27:25,045 - INFO - Bot is starting...
2025-10-22 23:27:25,046 - INFO - Bot is running in POLLING mode.
2025-10-22 23:27:25,046 - INFO - Starting bot in polling mode...
2025-10-22 23:27:25,511 - INFO - Start polling
2025-10-22 23:27:25,714 - INFO - Run polling for bot @waterasdbot id=8170384586 - 'Water'
2025-10-22 23:27:28,763 - INFO - Update id=331458564 is handled. Duration 477 ms by bot id=8170384586
2025-10-22 23:27:30,106 - INFO - Update id=331458565 is handled. Duration 146 ms by bot id=8170384586
2025-10-22 23:32:07,704 - INFO - Update id=331458566 is handled. Duration 160 ms by bot id=8170384586
2025-10-22 23:32:10,435 - INFO - Update id=331458567 is handled. Duration 219 ms by bot id=8170384586
2025-10-22 23:32:12,080 - INFO - Update id=331458568 is handled. Duration 326 ms by bot id=8170384586
2025-10-22 23:32:13,178 - INFO - Update id=331458569 is handled. Duration 193 ms by bot id=8170384586
2025-10-22 23:32:14,876 - INFO - Update id=331458570 is handled. Duration 326 ms by bot id=8170384586
2025-10-22 23:32:16,628 - INFO - Update id=331458571 is handled. Duration 166 ms by bot id=8170384586
2025-10-22 23:32:19,158 - WARNING - Received SIGINT signal
2025-10-22 23:32:19,158 - INFO - Polling stopped for bot @waterasdbot id=8170384586 - 'Water'
2025-10-22 23:32:19,159 - INFO - Polling stopped
2025-10-22 23:32:19,341 - WARNING - Received SIGINT signal
2025-10-22 23:32:58,377 - INFO - Configuration loaded successfully.
2025-10-22 23:32:58,857 - INFO - Bot and Dispatcher initialized successfully.
2025-10-22 23:32:58,859 - INFO - Starting in WEBHOOK mode.
